<?xml version="1.0" encoding="UTF-8"?>
<testng-results ignored="0" total="1" passed="1" failed="0" skipped="0">
  <reporter-output>
    <line>
      <![CDATA[username is working]]>
    </line>
  </reporter-output>
  <suite started-at="2019-11-28T09:34:49 IST" name="Suite" finished-at="2019-11-28T09:35:13 IST" duration-ms="24225">
    <groups>
    </groups>
    <test started-at="2019-11-28T09:34:49 IST" name="Test" finished-at="2019-11-28T09:35:13 IST" duration-ms="24225">
      <class name="script.Demo1">
        <test-method is-config="true" signature="openApp()[pri:0, instance:script.Demo1@78dd667e]" started-at="2019-11-28T09:34:49 IST" name="openApp" finished-at="2019-11-28T09:35:11 IST" duration-ms="22222" status="PASS">
          <reporter-output>
          </reporter-output>
        </test-method> <!-- openApp -->
        <test-method signature="testA()[pri:0, instance:script.Demo1@78dd667e]" started-at="2019-11-28T09:35:11 IST" name="testA" finished-at="2019-11-28T09:35:12 IST" duration-ms="351" status="PASS">
          <reporter-output>
            <line>
              <![CDATA[username is working]]>
            </line>
          </reporter-output>
        </test-method> <!-- testA -->
        <test-method is-config="true" signature="closeApp()[pri:0, instance:script.Demo1@78dd667e]" started-at="2019-11-28T09:35:12 IST" name="closeApp" finished-at="2019-11-28T09:35:13 IST" duration-ms="1552" status="PASS">
          <reporter-output>
          </reporter-output>
        </test-method> <!-- closeApp -->
      </class> <!-- script.Demo1 -->
    </test> <!-- Test -->
  </suite> <!-- Suite -->
</testng-results>
