<?xml version="1.0" encoding="UTF-8"?>
<testng-results ignored="0" total="1" passed="1" failed="0" skipped="0">
  <reporter-output>
  </reporter-output>
  <suite started-at="2019-11-28T17:13:31 IST" name="Suite" finished-at="2019-11-28T17:13:52 IST" duration-ms="20432">
    <groups>
    </groups>
    <test started-at="2019-11-28T17:13:31 IST" name="Test" finished-at="2019-11-28T17:13:52 IST" duration-ms="20432">
      <class name="script.TestValidLogin">
        <test-method is-config="true" signature="openApp()[pri:0, instance:script.TestValidLogin@233fe9b6]" started-at="2019-11-28T17:13:31 IST" name="openApp" finished-at="2019-11-28T17:13:49 IST" duration-ms="17166" status="PASS">
          <reporter-output>
          </reporter-output>
        </test-method> <!-- openApp -->
        <test-method signature="validLogin()[pri:0, instance:script.TestValidLogin@233fe9b6]" started-at="2019-11-28T17:13:49 IST" name="validLogin" finished-at="2019-11-28T17:13:51 IST" duration-ms="2807" status="PASS">
          <reporter-output>
          </reporter-output>
        </test-method> <!-- validLogin -->
        <test-method is-config="true" signature="closeApp()[pri:0, instance:script.TestValidLogin@233fe9b6]" started-at="2019-11-28T17:13:51 IST" name="closeApp" finished-at="2019-11-28T17:13:52 IST" duration-ms="375" status="PASS">
          <reporter-output>
          </reporter-output>
        </test-method> <!-- closeApp -->
      </class> <!-- script.TestValidLogin -->
    </test> <!-- Test -->
  </suite> <!-- Suite -->
</testng-results>
