<?xml version="1.0" encoding="UTF-8"?>
<!-- Generated by org.testng.reporters.JUnitXMLReporter -->
<testsuite ignored="0" hostname="DESKTOP-VGD5CQU" failures="1" tests="3" name="Test" time="76.878" errors="0" timestamp="2019-12-02T14:10:05 IST">
  <testcase classname="script.Invalidlogin" name="validLogin" time="8.52">
    <failure type="java.lang.AssertionError" message="did not expect to find [true] but found [false]">
      <![CDATA[java.lang.AssertionError: did not expect to find [true] but found [false]
at page.LoginPage.verifyerrmsgisDisplayed(LoginPage.java:38)
at script.Invalidlogin.validLogin(Invalidlogin.java:22)
at java.base/java.util.ArrayList.forEach(ArrayList.java:1540)
... Removed 31 stack frames]]>
    </failure>
  </testcase> <!-- validLogin -->
  <testcase classname="script.InvalidLogins" name="validLogin" time="18.35"/>
  <testcase classname="script.TestValidLogin" name="validLogin" time="6.854"/>
</testsuite> <!-- Test -->
